
Recovery Manager: Release 11.2.0.4.0 - Production on Wed Oct 1 17:45:30 2014

Copyright (c) 1982, 2011, Oracle and/or its affiliates.  All rights reserved.

connected to target database: BERDB2 (not mounted)
connected to recovery catalog database

RMAN> 
RMAN> RUN{
2> ALLOCATE CHANNEL c1 DEVICE TYPE 'SBT_TAPE' FORMAT   '%d_%U_%t' PARMS
3> 'SBT_LIBRARY=/usr/openv/netbackup/bin/libobk.so64.1' SEND
4> 'NB_ORA_POLICY=berdb2-everyday  ,NB_ORA_SERV=nbserver.nix.tele2.ru,
5> NB_ORA_CLIENT=prberdb2-backup.nix.tele2.ru';
6> RESTORE CONTROLFILE FROM 'c-2161217018-20140930-02';
7> }
allocated channel: c1
channel c1: SID=265 device type=SBT_TAPE
channel c1: Veritas NetBackup for Oracle - Release 7.6 (2014042414)

Starting restore at 2014-10-01:17:45:49

channel c1: restoring control file
channel c1: restore complete, elapsed time: 00:01:56
output file name=+DATA_GAM_1/aberdb2/datafile/ctrl_aberdb2
Finished restore at 2014-10-01:17:47:46
released channel: c1

RMAN> QUIT;

Recovery Manager complete.
